<?xml version="1.0" encoding="UTF-8"?>
<!-- Generated by org.testng.reporters.JUnitReportReporter -->
<testsuite hostname="KEERTHI" failures="0" tests="1" name="Test_Repository.SignoutPage_Validation" time="7.540" errors="0" timestamp="2025-06-16T13:59:55 IST" skipped="0">
  <testcase classname="Test_Repository.SignoutPage_Validation" name="PerformSignOut" time="7.540"/>
</testsuite> <!-- Test_Repository.SignoutPage_Validation -->
