<?xml version="1.0" encoding="UTF-8"?>
<!-- Generated by org.testng.reporters.JUnitReportReporter -->
<testsuite hostname="KEERTHI" failures="0" tests="1" name="Test_Repository.ChangePassword_validation" time="11.641" errors="0" timestamp="2025-06-16T14:00:29 IST" skipped="0">
  <testcase classname="Test_Repository.ChangePassword_validation" name="changepassoerd" time="11.641"/>
</testsuite> <!-- Test_Repository.ChangePassword_validation -->
