<?xml version="1.0" encoding="UTF-8"?>
<!-- Generated by org.testng.reporters.JUnitReportReporter -->
<testsuite hostname="KEERTHI" failures="0" tests="1" name="Test_Repository.SigninPage_Validation" time="5.106" errors="0" timestamp="2025-06-16T13:59:24 IST" skipped="0">
  <testcase classname="Test_Repository.SigninPage_Validation" name="PerformSignin" time="5.106"/>
</testsuite> <!-- Test_Repository.SigninPage_Validation -->
