<?xml version="1.0" encoding="UTF-8"?>
<!-- Generated by org.testng.reporters.JUnitReportReporter -->
<testsuite hostname="KEERTHI" failures="0" tests="1" name="Test_Repository.CreateAccoutPage_Validation" time="5.251" errors="0" timestamp="2025-06-16T13:58:58 IST" skipped="0">
  <testcase classname="Test_Repository.CreateAccoutPage_Validation" name="CreateAccount" time="5.251"/>
</testsuite> <!-- Test_Repository.CreateAccoutPage_Validation -->
